<?xml version="1.0" encoding="UTF-8"?>
<!-- Generated by org.testng.reporters.JUnitReportReporter -->
<testsuite skipped="1" hostname="dls210" name="tests.ValidarMenusTest" tests="2" failures="0" timestamp="02 abr 2018 16:08:18 GMT" time="25.469" errors="0">
  <testcase name="validaOpcoesDoMenuProdutosPessoaFisica" time="25.469" classname="tests.ValidarMenusTest"/>
  <testcase name="validaOpcoesDoMenuParaVoce" classname="tests.ValidarMenusTest">
    <skipped/>
  </testcase> <!-- validaOpcoesDoMenuParaVoce -->
</testsuite> <!-- tests.ValidarMenusTest -->
