<?xml version="1.0" encoding="UTF-8"?>
<!-- Generated by org.testng.reporters.JUnitReportReporter -->
<testsuite skipped="1" hostname="dls210" name="tests.SimuladorCompraTest" tests="2" failures="0" timestamp="29 mar 2018 17:39:21 GMT" time="3.227" errors="0">
  <testcase name="realizarSimulacaoDeCompraSemValor" time="3.227" classname="tests.SimuladorCompraTest"/>
  <testcase name="realizarSimulacaoDeCompra" classname="tests.SimuladorCompraTest">
    <skipped/>
  </testcase> <!-- realizarSimulacaoDeCompra -->
</testsuite> <!-- tests.SimuladorCompraTest -->
